<?xml version="1.0" encoding="UTF-8"?>
<testsuites name="Mocha Tests" time="80.8020" tests="13" failures="0">
  <testsuite name="Root Suite" timestamp="2021-07-21T00:53:31" tests="0" file="cypress/integration/signin.feature" time="0.0000" failures="0">
  </testsuite>
  <testsuite name="Sign in" timestamp="2021-07-21T00:53:31" tests="13" time="80.8020" failures="0">
    <testcase name="Sign in Redirect when already signed in" time="6.6030" classname="Redirect when already signed in">
    </testcase>
    <testcase name="Sign in Redirecting when signing into an unverified account" time="6.6570" classname="Redirecting when signing into an unverified account">
    </testcase>
    <testcase name="Sign in Signing in with correct credentials" time="6.3260" classname="Signing in with correct credentials">
    </testcase>
    <testcase name="Sign in Staying signed in" time="6.2870" classname="Staying signed in">
    </testcase>
    <testcase name="Sign in Signing in with invalid credentials (example #1)" time="4.3570" classname="Signing in with invalid credentials (example #1)">
    </testcase>
    <testcase name="Sign in Signing in with invalid credentials (example #2)" time="4.6560" classname="Signing in with invalid credentials (example #2)">
    </testcase>
    <testcase name="Sign in Signing in with invalid credentials (example #3)" time="4.6940" classname="Signing in with invalid credentials (example #3)">
    </testcase>
    <testcase name="Sign in Signing in with the wrong email" time="5.1820" classname="Signing in with the wrong email">
    </testcase>
    <testcase name="Sign in Trying to sign in using the wrong password" time="5.4150" classname="Trying to sign in using the wrong password">
    </testcase>
    <testcase name="Sign in Trying to sign in using the wrong password for the second time" time="6.2720" classname="Trying to sign in using the wrong password for the second time">
    </testcase>
    <testcase name="Sign in Trying to sign in using the wrong password for the third time" time="7.5870" classname="Trying to sign in using the wrong password for the third time">
    </testcase>
    <testcase name="Sign in Trying to sign in using the wrong password for the fourth time" time="8.6540" classname="Trying to sign in using the wrong password for the fourth time">
    </testcase>
    <testcase name="Sign in Trying to sign in with the wrong password non-consecutively" time="8.1120" classname="Trying to sign in with the wrong password non-consecutively">
    </testcase>
  </testsuite>
</testsuites>
